<?xml version="1.0" encoding="UTF-8"?>
<!-- Generated by org.testng.reporters.JUnitReportReporter -->
<testsuite skipped="0" hostname="DESKTOP-MVSUV92" name="com.test.mavenjava.AppiumTest" tests="2" failures="0" timestamp="2021-07-13T22:12:51 PDT" time="0.016" errors="0">
  <testcase name="NativeAPpAndroid" time="0.001" classname="com.test.mavenjava.AppiumTest"/>
  <system-out/>
  <testcase name="IOSApps" time="0.015" classname="com.test.mavenjava.AppiumTest"/>
  <system-out/>
</testsuite> <!-- com.test.mavenjava.AppiumTest -->
