<?xml version="1.0" encoding="UTF-8"?>
<!-- Generated by org.testng.reporters.JUnitReportReporter -->
<testsuite skipped="0" hostname="DESKTOP-MVSUV92" name="com.test.mavenjava.RestApiTest" tests="2" failures="0" timestamp="2021-07-13T22:12:25 PDT" time="0.001" errors="0">
  <testcase name="postJira" time="0.000" classname="com.test.mavenjava.RestApiTest"/>
  <system-out/>
  <testcase name="deleteTwitter" time="0.001" classname="com.test.mavenjava.RestApiTest"/>
  <system-out/>
</testsuite> <!-- com.test.mavenjava.RestApiTest -->
